<?xml version="1.0" encoding="UTF-8"?>
<testsuite xmlns:xsi="http://www.w3.org/2001/XMLSchema-instance" xsi:noNamespaceSchemaLocation="https://maven.apache.org/surefire/maven-surefire-plugin/xsd/surefire-test-report-3.0.xsd" version="3.0" name="org.lessons.java.TicketTest" time="0.017" tests="5" errors="0" skipped="0" failures="1">
  <properties>
[...]
</properties>
  <testcase name="testFullPrice" classname="org.lessons.java.TicketTest" time="0.002"/>
  <testcase name="testNegativeAge" classname="org.lessons.java.TicketTest" time="0.001"/>
  <testcase name="testNegativeKm" classname="org.lessons.java.TicketTest" time="0.001"/>
  <testcase name="testOver65Price" classname="org.lessons.java.TicketTest" time="0.006">
    <failure message="il prezzo pieno con sconto over 65 è stato calcolato male ==&gt; expected: &lt;12.6&gt; but was: &lt;12.725999999999999&gt;" type="org.opentest4j.AssertionFailedError"><![CDATA[org.opentest4j.AssertionFailedError: il prezzo pieno con sconto over 65 è stato calcolato male ==> expected: <12.6> but was: <12.725999999999999>
	at org.junit.jupiter.api.AssertionFailureBuilder.build(AssertionFailureBuilder.java:151)
	at org.junit.jupiter.api.AssertionFailureBuilder.buildAndThrow(AssertionFailureBuilder.java:132)
	at org.junit.jupiter.api.AssertEquals.failNotEqual(AssertEquals.java:197)
	at org.junit.jupiter.api.AssertEquals.assertEquals(AssertEquals.java:70)
	at org.junit.jupiter.api.Assertions.assertEquals(Assertions.java:925)
	at org.lessons.java.TicketTest.testOver65Price(TicketTest.java:71)
	at java.base/java.lang.reflect.Method.invoke(Method.java:568)
	at java.base/java.util.ArrayList.forEach(ArrayList.java:1511)
	at java.base/java.util.ArrayList.forEach(ArrayList.java:1511)
]]></failure>
  </testcase>
  <testcase name="testUnder18Price" classname="org.lessons.java.TicketTest" time="0.0"/>
</testsuite>